10:26:53 [INFO] ============================================================
10:26:53 [INFO] PDF Metadata Collector — Swedish Public Authorities
10:26:53 [INFO] Legal basis: Offentlighetsprincipen + GDPR Art. 89
10:26:53 [INFO] Output directory: /Users/kajsalinderoth/Desktop/PDF Project/PDFMETA/03_Data
10:26:53 [INFO] Dry-run: False
10:26:53 [INFO] ============================================================
10:26:53 [INFO] Resuming: 0 URLs already in log

10:26:53 [INFO] Processing 30 authorit(y/ies)

10:26:53 [INFO] 
============================================================
Authority : Regeringskansliet
Tier      : 1
Quota left: 2020-2023=2  2024-2025=2
============================================================
10:26:57 [INFO]   → Found 3 PDFs on https://www.regeringen.se/
10:27:01 [INFO]     [OK] 2a06088d… |   108 KB | year=2026 (post-2026) | fields=18
10:27:06 [INFO]     [OK] ec696b49… |   688 KB | year=2026 (post-2026) | fields=25
10:27:06 [INFO]   [CAP] Reached 2-file limit for this page. Moving to other pages.
10:27:46 [INFO]   → Found 4 PDFs on https://www.regeringen.se/rattsliga-dokument/departementsserien-och-promemorior/2026/03/nya-forenklingsregler-och-andra-kompletteringar-i-lagen-om-tillaggsskatt/
10:28:08 [INFO]     [OK] f60120b1… |  2346 KB | year=2024 (2024-2025) | fields=61
10:28:22 [INFO]   → Found 1 PDFs on https://www.regeringen.se/rattsliga-dokument/departementsserien-och-promemorior/2026/03/utkast-till-lagradsremiss-nagra-fortydliganden-och-justeringar-i-de-nya-reglerna-om-bygglov/
10:28:30 [INFO]   → Found 1 PDFs on https://www.regeringen.se/rattsliga-dokument/departementsserien-och-promemorior/2026/02/kompletteringar-till-slutbetankandet-skatteincitament-for-forskning-och-utveckling--ett-nytt-incitament-baserat-pa-utgifter-for-fou-personal-sou-20261-med-anledning-av-nya-internationella-regler/
10:28:34 [INFO]   → Found 1 PDFs on https://www.regeringen.se/rattsliga-dokument/departementsserien-och-promemorior/2026/02/teknisk-oversyn-av-mervardesskattereglerna-vid-gransoverskridande-handel/
10:28:43 [INFO]   → Found 1 PDFs on https://www.regeringen.se/rattsliga-dokument/kommittedirektiv/2024/11/tillaggsdirektiv-till-utredningen-om-skatteregler-som-gynnar-forskning-och-utveckling--en-oversyn-av-fou-avdraget-och-expertskattereglerna-fi-202306/
10:28:46 [INFO]     [OK] 42165116… |   154 KB | year=2024 (2024-2025) | fields=20
10:28:51 [INFO]   → Found 3 PDFs on https://www.regeringen.se/rattsliga-dokument/departementsserien-och-promemorior/2025/07/utbyte-av-uppgifter-i-tillaggsskatterapport-och-kompletteringar-av-forfarandet-av-tillaggsskatt-for-foretag-i-stora-koncerner/
10:29:06 [INFO]   → Found 1 PDFs on https://www.regeringen.se/rattsliga-dokument/departementsserien-och-promemorior/2025/04/anpassning-av-vissa-skatte--och-avgiftsnedsattningar-till-eus-regler-om-statsstod/
10:29:27 [INFO]   → Found 1 PDFs on https://www.regeringen.se/rattsliga-dokument/lagradsremiss/2026/03/skarpta-regler-om-uppsikt-och-forvar/
10:29:43 [INFO]   → Found 1 PDFs on https://www.regeringen.se/rattsliga-dokument/lagradsremiss/2026/03/en-mer-andamalsenlig-reglering-av-etikprovning-av-forskning-som-avser-manniskor/
10:29:53 [INFO]   → Found 1 PDFs on https://www.regeringen.se/rattsliga-dokument/lagradsremiss/2026/03/nya-regler-mot-bedragerier-och-annat-vilseledande-genom-elektroniska-kommunikationer/
10:30:01 [INFO]   → Found 1 PDFs on https://www.regeringen.se/rattsliga-dokument/lagradsremiss/2026/02/skarpta-regler-om-utvisning-pa-grund-av-brott/
10:30:09 [INFO]   → Found 1 PDFs on https://www.regeringen.se/rattsliga-dokument/lagradsremiss/2026/01/battre-migrationsrattsliga-regler-for-forskare-och-doktorander-samt-atgarder-for-att-motverka-missbruk-av-uppehallstillstand-for-studier/
10:30:19 [INFO]   → Found 1 PDFs on https://www.regeringen.se/rattsliga-dokument/lagradsremiss/2024/08/langsiktig-reglering-av-vissa-forskningsdatabaser/
10:30:27 [INFO]   → Found 1 PDFs on https://www.regeringen.se/rattsliga-dokument/departementsserien-och-promemorior/2025/11/nya-regler-mot-bedragerier-och-annat-vilseledande-genom-elektroniska--kommunikationer/
10:30:36 [INFO]   → Found 1 PDFs on https://www.regeringen.se/rattsliga-dokument/departementsserien-och-promemorior/2022/12/langsiktig-reglering-av-forskningsdatabaser/
10:30:41 [INFO]     [OK] ac801193… |  1620 KB | year=2022 (2020-2023) | fields=19
10:30:54 [INFO]   → Found 3 PDFs on https://www.regeringen.se/rattsliga-dokument/skrivelse/2026/03/riksrevisionens-rapport-om-statens-insatser-for-trygga-bostadsaffarer/
10:31:20 [INFO]   → Found 1 PDFs on https://www.regeringen.se/pressmeddelanden/2026/04/regeringen-foreslar-sankt-straffbarhetsalder-for-allvarliga-brott-och-skarpta-regler-for-unga-lagovertradare/
10:31:25 [INFO]   → Found 1 PDFs on https://www.regeringen.se/rattsliga-dokument/proposition/2026/04/prop.-202526246
10:31:34 [INFO]   → Found 1 PDFs on https://www.regeringen.se/rattsliga-dokument/proposition/2026/04/prop.-202526100
10:31:38 [INFO]   → Found 1 PDFs on https://www.regeringen.se/rattsliga-dokument/proposition/2026/04/prop.-20252699
10:31:44 [INFO]   → Found 1 PDFs on https://www.regeringen.se/rattsliga-dokument/proposition/2026/04/prop.-202526236
10:31:47 [INFO]   → Found 1 PDFs on https://www.regeringen.se/rattsliga-dokument/departementsserien-och-promemorior/2026/04/atgarder-for-att-forhindra-felaktiga-utbetalningar-inom-socialforsakringen-och-forenklad-administration-inom-foraldrapenningen/
10:32:06 [INFO]   → Found 1 PDFs on https://www.regeringen.se/rattsliga-dokument/lagradsremiss/2026/04/kompletterande-bestammelser-till-eu-forordningar-om-kemikalier-och-avfall/
10:32:15 [INFO]   → Found 1 PDFs on https://www.regeringen.se/rattsliga-dokument/skrivelse/2026/04/skr.-202526104
10:32:18 [INFO]   → Found 1 PDFs on https://www.regeringen.se/rattsliga-dokument/departementsserien-och-promemorior/2026/04/sverige--ett-lasande-land/
10:32:23 [INFO]   → Found 1 PDFs on https://www.regeringen.se/rattsliga-dokument/proposition/2026/04/prop.202526256
10:32:28 [INFO]   → Found 1 PDFs on https://www.regeringen.se/rattsliga-dokument/proposition/2026/04/prop.-202526253
10:32:33 [INFO]   → Found 2 PDFs on https://www.regeringen.se/remisser/2026/04/remiss-av-domstolsverkets-hemstallan-forslag-att-ta-bort-skyldigheten-att-binda-in-domar-och-slutliga-beslut/
10:32:52 [INFO]   → Found 1 PDFs on https://www.regeringen.se/rattsliga-dokument/skrivelse/2026/03/skr.-202526208
10:32:57 [INFO]   → Found 1 PDFs on https://www.regeringen.se/rattsliga-dokument/lagradsremiss/2026/03/okad-insyn-i-politiska-processer/
10:33:07 [INFO]   → Found 1 PDFs on https://www.regeringen.se/rattsliga-dokument/proposition/2026/02/prop.-202526133
10:33:16 [INFO]   → Found 1 PDFs on https://www.regeringen.se/rattsliga-dokument/proposition/2026/02/prop.-202526126
10:33:24 [INFO]   → Found 1 PDFs on https://www.regeringen.se/rattsliga-dokument/statens-offentliga-utredningar/2026/02/sou-202613/
10:33:33 [INFO]   → Found 1 PDFs on https://www.regeringen.se/rattsliga-dokument/lagradsremiss/2026/02/starkt-sakerhet-vid-allmanna-sammankomster-och-offentliga-tillstallningar/
10:34:08 [INFO]   → Found 1 PDFs on https://www.regeringen.se/rattsliga-dokument/departementsserien-och-promemorior/2026/04/elektroniska-meddelanden-vid-forsakringsavtal/
10:34:16 [INFO]   → Found 1 PDFs on https://www.regeringen.se/rattsliga-dokument/skrivelse/2026/04/skr-202526219/
10:34:20 [INFO]   → Found 1 PDFs on https://www.regeringen.se/rattsliga-dokument/statens-offentliga-utredningar/2026/04/sou-202627/
10:34:34 [INFO]   → Found 1 PDFs on https://www.regeringen.se/rattsliga-dokument/proposition/2026/04/prop.202526231
10:34:39 [INFO]   → Found 1 PDFs on https://www.regeringen.se/rattsliga-dokument/lagradsremiss/2026/04/utokade-befogenheter-for-skatteverket-inom-folkbokforingsverksamheten/
10:34:47 [INFO]   → Found 1 PDFs on https://www.regeringen.se/rattsliga-dokument/lagradsremiss/2026/04/forebyggande-insatser-inom-socialtjansten-till-skydd-for-barn-och-unga-vid-bristande-medverkan/
10:34:59 [INFO]   → Found 1 PDFs on https://www.regeringen.se/rattsliga-dokument/proposition/2026/04/prop.-202526242
10:35:03 [INFO]   → Found 1 PDFs on https://www.regeringen.se/rattsliga-dokument/proposition/2026/04/prop.-202526214
10:35:08 [INFO]   → Found 1 PDFs on https://www.regeringen.se/rattsliga-dokument/proposition/2026/04/prop-202526233/
10:35:12 [INFO]   → Found 1 PDFs on https://www.regeringen.se/rattsliga-dokument/proposition/2026/04/prop.-202526237
10:35:17 [INFO]   → Found 3 PDFs on https://www.regeringen.se/rattsliga-dokument/proposition/2026/04/prop.-202526240
10:35:22 [INFO]   → Found 1 PDFs on https://www.regeringen.se/rattsliga-dokument/lagradsremiss/2026/02/nya-lagar-om-elsystemet/
10:35:52 [INFO]   → Found 2 PDFs on https://www.regeringen.se/rattsliga-dokument/departementsserien-och-promemorior/2026/04/forordningen-om-behorighet-och-legitimation-for-larare-och-forskollarare-samt-en-konsekvensutredning/
10:36:05 [INFO]   → Found 1 PDFs on https://www.regeringen.se/rattsliga-dokument/departementsserien-och-promemorior/2026/04/fortsatt-inkludering-av-pappers-och-massaindustrin-i-eus-utslappshandelssystem/
10:36:14 [INFO]   → Found 1 PDFs on https://www.regeringen.se/rattsliga-dokument/departementsserien-och-promemorior/2025/06/miljokvalitetsnormer-for-luft-nya-regler-om-rattslig-provning-och-skadestand/
10:36:23 [INFO]   → Found 1 PDFs on https://www.regeringen.se/rattsliga-dokument/departementsserien-och-promemorior/2026/04/tillsyn-enligt-eus-f-gasforordning-i-fraga-om-elektriska-brytare-desfluran-och-markning-av-dosinhalatorer/
10:36:32 [INFO]   → Found 1 PDFs on https://www.regeringen.se/rattsliga-dokument/departementsserien-och-promemorior/2026/04/elstod-till-konsumenter-for-januarifebruari-2026/
10:36:36 [INFO]   → Found 1 PDFs on https://www.regeringen.se/rattsliga-dokument/departementsserien-och-promemorior/2026/03/ds-20266/
10:36:45 [INFO]   → Found 1 PDFs on https://www.regeringen.se/rattsliga-dokument/departementsserien-och-promemorior/2026/03/tillfalligt-sankt-skatt-pa-bensin-och-diesel/
10:36:57 [INFO]   → Found 1 PDFs on https://www.regeringen.se/rattsliga-dokument/departementsserien-och-promemorior/2026/03/promemoria-atgarder-for-att-oka-transportkapaciteten-efter-stormen-johannes/
10:37:06 [INFO]   → Found 1 PDFs on https://www.regeringen.se/rattsliga-dokument/departementsserien-och-promemorior/2026/01/en-nationell-rapporteringsvag-for-kollektivtrafiken/
10:37:15 [INFO]   → Found 1 PDFs on https://www.regeringen.se/rattsliga-dokument/departementsserien-och-promemorior/2026/01/enhetligare-ordningsregler-for-kollektivtrafiken/
10:37:28 [INFO]   → Found 1 PDFs on https://www.regeringen.se/rattsliga-dokument/departementsserien-och-promemorior/2026/03/tillfalliga-undantag-fran-fridlysningsbestammelser-vid-omhandertagande-av-stormskadad-skog/
10:37:43 [INFO]   → Found 1 PDFs on https://www.regeringen.se/rattsliga-dokument/departementsserien-och-promemorior/2026/03/ds-20264/
10:37:46 [INFO]   → Found 1 PDFs on https://www.regeringen.se/rattsliga-dokument/departementsserien-och-promemorior/2026/02/elektronisk-overvakning--ett-verktyg-for-socialtjansten-till-skydd-for-barn-och-unga/
10:37:56 [INFO]   → Found 1 PDFs on https://www.regeringen.se/rattsliga-dokument/departementsserien-och-promemorior/2026/02/skarpt-tillsyn-over-tjansteutovares-klagomalshantering/
10:38:04 [INFO]   → Found 1 PDFs on https://www.regeringen.se/rattsliga-dokument/departementsserien-och-promemorior/2025/12/anpassningar-till-eu-forordningen-om-allman-produktsakerhet-och-reglering-av-vissa-andra-sakerhetskrav/
10:38:12 [INFO]   → Found 1 PDFs on https://www.regeringen.se/rattsliga-dokument/departementsserien-och-promemorior/2026/02/ds-20262/
10:38:38 [INFO]   → Found 1 PDFs on https://www.regeringen.se/rattsliga-dokument/forordningsmotiv/2025/06/fm-20251/
10:38:47 [INFO]   → Found 1 PDFs on https://www.regeringen.se/rattsliga-dokument/forordningsmotiv/2024/07/fm-20241/
10:38:55 [INFO]   → Found 1 PDFs on https://www.regeringen.se/rattsliga-dokument/forordningsmotiv/2023/02/fm-20231/
10:38:59 [INFO]     [OK] abbc1989… |   224 KB | year=2023 (2020-2023) | fields=20
10:38:59 [INFO]   Both quotas filled — moving to next authority
10:38:59 [INFO] 
[Regeringskansliet] Done. Pre-NIS2: 2/2  NIS2-prep: 2/2
10:38:59 [INFO] 
============================================================
Authority : Säkerhetspolisen
Tier      : 1
Quota left: 2020-2023=2  2024-2025=2
============================================================
10:39:15 [INFO]   → Found 1 PDFs on https://www.sakerhetspolisen.se/om-sakerhetspolisen/publikationer/personlig-sakerhet.html
10:39:21 [INFO]     [OK] b10d385c… |  5374 KB | year=2026 (post-2026) | fields=30
10:39:29 [INFO]   → Found 4 PDFs on https://www.sakerhetspolisen.se/om-sakerhetspolisen/publikationer/sakerhetspolisens-lagesbilder.html
10:39:35 [INFO]     [OK] ce5603da… | 17295 KB | year=2024 (2024-2025) | fields=41
10:39:42 [INFO]     [OK] f48b68cd… | 14353 KB | year=2023 (2020-2023) | fields=38
10:39:42 [INFO]   [CAP] Reached 2-file limit for this page. Moving to other pages.
10:39:51 [INFO]   → Found 18 PDFs on https://www.sakerhetspolisen.se/sakerhetsskydd/blanketter-och-mallar.html
10:39:55 [INFO]     [OK] ea98353f… |   268 KB | year=2026 (post-2026) | fields=32
10:39:58 [INFO]     [OK] 68517964… |   117 KB | year=2022 (2020-2023) | fields=16
10:39:58 [INFO]   [CAP] Reached 2-file limit for this page. Moving to other pages.
10:40:07 [INFO]   → Found 1 PDFs on https://www.sakerhetspolisen.se/sakerhetsskydd/sakerhetsskyddsavtal-vid-upphandlingar-och-samarbeten.html
10:40:18 [INFO]   → Found 2 PDFs on https://www.sakerhetspolisen.se/sakerhetsskydd/sakerhetsskyddsavtal-vid-upphandlingar-och-samarbeten/samrad-vid-sakerhetsskyddsavtal.html
10:40:30 [INFO]   → Found 10 PDFs on https://www.sakerhetspolisen.se/verksamheten/nct/publikationer-fran-nct.html
10:40:33 [INFO]     [OK] 6710de38… |  1066 KB | year=2025 (2024-2025) | fields=40
10:40:33 [INFO]   Both quotas filled — moving to next authority
10:40:33 [INFO] 
[Säkerhetspolisen] Done. Pre-NIS2: 2/2  NIS2-prep: 2/2
10:40:33 [INFO] 
============================================================
Authority : Polismyndigheten
Tier      : 1
Quota left: 2020-2023=2  2024-2025=2
============================================================
10:41:09 [INFO]   → Found 1 PDFs on https://polisen.se/lagar-och-regler/ordningsvakter/
10:41:14 [INFO]     [OK] f5b8d29f… |  1139 KB | year=2025 (2024-2025) | fields=16
10:41:26 [INFO]   → Found 3 PDFs on https://polisen.se/lagar-och-regler/polismyndighetens-forfattningssamling/
10:41:30 [INFO]     [OK] bd4dee8c… |   408 KB | year=2026 (post-2026) | fields=16
10:41:34 [INFO]     [OK] 34d76cdb… |   233 KB | year=2026 (post-2026) | fields=39
10:41:34 [INFO]   [CAP] Reached 2-file limit for this page. Moving to other pages.
10:41:54 [INFO]   → Found 1 PDFs on https://polisen.se/lagar-och-regler/trafik-och-fordon/ratt--och-sjofylleri/
10:42:15 [INFO]   → Found 8 PDFs on https://polisen.se/lagar-och-regler/behandling-av-personuppgifter/dina-rattigheter/
10:44:01 [INFO]   → Found 1 PDFs on https://polisen.se/lagar-och-regler/trafik-och-fordon/studentflak/
10:44:31 [INFO]   → Found 6 PDFs on https://polisen.se/lagar-och-regler/boter/parkeringsanmarkning/
10:44:35 [INFO]     [OK] 301bbbea… |   213 KB | year=2025 (2024-2025) | fields=24
10:45:30 [INFO]   → Found 1 PDFs on https://polisen.se/lagar-och-regler/polisens-forordnanden/arbeta-som-fjallraddare/
10:45:43 [INFO]   → Found 2 PDFs on https://polisen.se/lagar-och-regler/polisens-forordnanden/flygplatskontrollant/
